<?xml version="1.0" encoding="UTF-8"?>
<coverage generated="1639287466012" clover="3.2.0">
  <project timestamp="1639287466012" name="All files">
    <metrics statements="3" coveredstatements="3" conditionals="1" coveredconditionals="1" methods="1" coveredmethods="1" elements="5" coveredelements="5" complexity="0" loc="3" ncloc="3" packages="2" files="2" classes="2"/>
    <package name="title">
      <metrics statements="0" coveredstatements="0" conditionals="0" coveredconditionals="0" methods="0" coveredmethods="0"/>
      <file name="index.ts" path="/mnt/wsl/dev/test/app/components/title/index.ts">
        <metrics statements="0" coveredstatements="0" conditionals="0" coveredconditionals="0" methods="0" coveredmethods="0"/>
      </file>
    </package>
    <package name="title.src">
      <metrics statements="3" coveredstatements="3" conditionals="1" coveredconditionals="1" methods="1" coveredmethods="1"/>
      <file name="Title.tsx" path="/mnt/wsl/dev/test/app/components/title/src/Title.tsx">
        <metrics statements="3" coveredstatements="3" conditionals="1" coveredconditionals="1" methods="1" coveredmethods="1"/>
        <line num="6" count="1" type="stmt"/>
        <line num="7" count="1" type="cond" truecount="1" falsecount="0"/>
        <line num="8" count="1" type="stmt"/>
      </file>
    </package>
  </project>
</coverage>
