{"/mnt/wsl/dev/test/app/components/title/index.ts": {"path":"/mnt/wsl/dev/test/app/components/title/index.ts","statementMap":{},"fnMap":{},"branchMap":{},"s":{},"f":{},"b":{},"_coverageSchema":"1a1c01bbd47fc00a2c39e90264f33305004495a9","hash":"da28a101022051a61f5051d710d20381ccbbccb2"}
,"/mnt/wsl/dev/test/app/components/title/src/Title.tsx": {"path":"/mnt/wsl/dev/test/app/components/title/src/Title.tsx","statementMap":{"0":{"start":{"line":6,"column":14},"end":{"line":9,"column":1}},"1":{"start":{"line":7,"column":41},"end":{"line":7,"column":46}},"2":{"start":{"line":8,"column":2},"end":{"line":8,"column":48}}},"fnMap":{"0":{"name":"(anonymous_0)","decl":{"start":{"line":6,"column":14},"end":{"line":6,"column":15}},"loc":{"start":{"line":6,"column":37},"end":{"line":9,"column":1}},"line":6}},"branchMap":{"0":{"loc":{"start":{"line":7,"column":17},"end":{"line":7,"column":36}},"type":"default-arg","locations":[{"start":{"line":7,"column":29},"end":{"line":7,"column":36}}],"line":7}},"s":{"0":1,"1":1,"2":1},"f":{"0":1},"b":{"0":[1]},"_coverageSchema":"1a1c01bbd47fc00a2c39e90264f33305004495a9","hash":"0f9225b569bfb875686ea0ef5de849943931a53a"}
}
