TN:
SF:app/components/personalData/index.ts
FNF:0
FNH:0
DA:1,1
DA:3,1
LF:2
LH:2
BRF:0
BRH:0
end_of_record
TN:
SF:app/components/personalData/src/PersonalData.tsx
FN:13,(anonymous_1)
FN:26,(anonymous_2)
FNF:2
FNH:2
FNDA:2,(anonymous_1)
FNDA:12,(anonymous_2)
DA:2,1
DA:13,1
DA:24,2
DA:26,12
DA:28,2
DA:43,1
LF:6
LH:6
BRDA:15,0,0,2
BRDA:20,1,0,1
BRF:2
BRH:2
end_of_record
TN:
SF:app/components/title/index.ts
FNF:0
FNH:0
DA:1,1
DA:3,1
LF:2
LH:2
BRF:0
BRH:0
end_of_record
TN:
SF:app/components/title/src/Title.tsx
FN:6,(anonymous_0)
FNF:1
FNH:1
FNDA:1,(anonymous_0)
DA:6,1
DA:7,1
DA:8,1
DA:11,1
LF:4
LH:4
BRDA:7,0,0,1
BRF:1
BRH:1
end_of_record
